running develop
Removing /home/user/project_ws/install/my_project_pkg/lib/python3.12/site-packages/my-project-pkg.egg-link (link to .)
running egg_info
writing ../../build/my_project_pkg/my_project_pkg.egg-info/PKG-INFO
writing dependency_links to ../../build/my_project_pkg/my_project_pkg.egg-info/dependency_links.txt
writing entry points to ../../build/my_project_pkg/my_project_pkg.egg-info/entry_points.txt
writing requirements to ../../build/my_project_pkg/my_project_pkg.egg-info/requires.txt
writing top-level names to ../../build/my_project_pkg/my_project_pkg.egg-info/top_level.txt
reading manifest file '../../build/my_project_pkg/my_project_pkg.egg-info/SOURCES.txt'
writing manifest file '../../build/my_project_pkg/my_project_pkg.egg-info/SOURCES.txt'
running build
running build_py
running install
running install_lib
creating /home/user/project_ws/install/my_project_pkg/lib/python3.12/site-packages/my_project_pkg
copying /home/user/project_ws/build/my_project_pkg/build/lib/my_project_pkg/subscriber.py -> /home/user/project_ws/install/my_project_pkg/lib/python3.12/site-packages/my_project_pkg
copying /home/user/project_ws/build/my_project_pkg/build/lib/my_project_pkg/my_robot_controller.py -> /home/user/project_ws/install/my_project_pkg/lib/python3.12/site-packages/my_project_pkg
copying /home/user/project_ws/build/my_project_pkg/build/lib/my_project_pkg/say_hi.py -> /home/user/project_ws/install/my_project_pkg/lib/python3.12/site-packages/my_project_pkg
copying /home/user/project_ws/build/my_project_pkg/build/lib/my_project_pkg/publisher.py -> /home/user/project_ws/install/my_project_pkg/lib/python3.12/site-packages/my_project_pkg
copying /home/user/project_ws/build/my_project_pkg/build/lib/my_project_pkg/__init__.py -> /home/user/project_ws/install/my_project_pkg/lib/python3.12/site-packages/my_project_pkg
byte-compiling /home/user/project_ws/install/my_project_pkg/lib/python3.12/site-packages/my_project_pkg/subscriber.py to subscriber.cpython-312.pyc
byte-compiling /home/user/project_ws/install/my_project_pkg/lib/python3.12/site-packages/my_project_pkg/my_robot_controller.py to my_robot_controller.cpython-312.pyc
byte-compiling /home/user/project_ws/install/my_project_pkg/lib/python3.12/site-packages/my_project_pkg/say_hi.py to say_hi.cpython-312.pyc
byte-compiling /home/user/project_ws/install/my_project_pkg/lib/python3.12/site-packages/my_project_pkg/publisher.py to publisher.cpython-312.pyc
byte-compiling /home/user/project_ws/install/my_project_pkg/lib/python3.12/site-packages/my_project_pkg/__init__.py to __init__.cpython-312.pyc
running install_data
copying resource/my_project_pkg -> /home/user/project_ws/install/my_project_pkg/share/ament_index/resource_index/packages
copying package.xml -> /home/user/project_ws/install/my_project_pkg/share/my_project_pkg
copying launch/display.launch.py -> /home/user/project_ws/install/my_project_pkg/share/my_project_pkg/launch
copying model/robot.urdf.xacro -> /home/user/project_ws/install/my_project_pkg/share/my_project_pkg/model
copying model/meshes/BRD.STL -> /home/user/project_ws/install/my_project_pkg/share/my_project_pkg/model/meshes
copying model/meshes/BRI.STL -> /home/user/project_ws/install/my_project_pkg/share/my_project_pkg/model/meshes
copying model/meshes/ARD.STL -> /home/user/project_ws/install/my_project_pkg/share/my_project_pkg/model/meshes
copying model/meshes/ARI.STL -> /home/user/project_ws/install/my_project_pkg/share/my_project_pkg/model/meshes
copying model/meshes/ACTUADORCORTO.stl -> /home/user/project_ws/install/my_project_pkg/share/my_project_pkg/model/meshes
copying model/meshes/SOPORTE1.stl -> /home/user/project_ws/install/my_project_pkg/share/my_project_pkg/model/meshes
copying model/meshes/LIDAR.stl -> /home/user/project_ws/install/my_project_pkg/share/my_project_pkg/model/meshes
copying model/meshes/SOPORTE2.stl -> /home/user/project_ws/install/my_project_pkg/share/my_project_pkg/model/meshes
copying model/meshes/CUERPO1.stl -> /home/user/project_ws/install/my_project_pkg/share/my_project_pkg/model/meshes
copying model/meshes/CHASSISFULL.stl -> /home/user/project_ws/install/my_project_pkg/share/my_project_pkg/model/meshes
copying model/meshes/ACTUADORFINAL1.stl -> /home/user/project_ws/install/my_project_pkg/share/my_project_pkg/model/meshes
copying model/meshes/PALASV2.stl -> /home/user/project_ws/install/my_project_pkg/share/my_project_pkg/model/meshes
copying model/urdf/URDFMODELFULL.urdf -> /home/user/project_ws/install/my_project_pkg/share/my_project_pkg/model/urdf
copying config/my_config.rviz -> /home/user/project_ws/install/my_project_pkg/share/my_project_pkg/config
running install_egg_info
Copying ../../build/my_project_pkg/my_project_pkg.egg-info to /home/user/project_ws/install/my_project_pkg/lib/python3.12/site-packages/my_project_pkg-0.0.1-py3.12.egg-info
running install_scripts
Installing my_publisher script to /home/user/project_ws/install/my_project_pkg/lib/my_project_pkg
Installing my_robot_controller script to /home/user/project_ws/install/my_project_pkg/lib/my_project_pkg
Installing my_subscriber script to /home/user/project_ws/install/my_project_pkg/lib/my_project_pkg
Installing say_hi script to /home/user/project_ws/install/my_project_pkg/lib/my_project_pkg
writing list of installed files to '/home/user/project_ws/build/my_project_pkg/install.log'
