[1.167s] Invoking command in '/home/user/project_ws/build/my_project_pkg': DEBUGINFOD_URLS=https://debuginfod.ubuntu.com PYTHONPATH=/home/user/project_ws/build/my_project_pkg/prefix_override:/usr/lib/python3/dist-packages/colcon_core/task/python/colcon_distutils_commands:/home/user/project_ws/install/my_project_pkg/lib/python3.12/site-packages:${PYTHONPATH} /usr/bin/python3 -W ignore:setup.py install is deprecated setup.py develop --editable --build-directory /home/user/project_ws/build/my_project_pkg/build --no-deps symlink_data
[1.549s] running develop
[1.868s] running egg_info
[1.895s] writing my_project_pkg.egg-info/PKG-INFO
[1.896s] writing dependency_links to my_project_pkg.egg-info/dependency_links.txt
[1.896s] writing entry points to my_project_pkg.egg-info/entry_points.txt
[1.896s] writing requirements to my_project_pkg.egg-info/requires.txt
[1.897s] writing top-level names to my_project_pkg.egg-info/top_level.txt
[1.948s] reading manifest file 'my_project_pkg.egg-info/SOURCES.txt'
[1.949s] writing manifest file 'my_project_pkg.egg-info/SOURCES.txt'
[1.974s] running build_ext
[1.974s] Creating /home/user/project_ws/install/my_project_pkg/lib/python3.12/site-packages/my-project-pkg.egg-link (link to .)
[1.975s] Installing my_publisher script to /home/user/project_ws/install/my_project_pkg/lib/my_project_pkg
[1.975s] Installing my_robot_controller script to /home/user/project_ws/install/my_project_pkg/lib/my_project_pkg
[1.975s] Installing my_subscriber script to /home/user/project_ws/install/my_project_pkg/lib/my_project_pkg
[1.975s] Installing say_hi script to /home/user/project_ws/install/my_project_pkg/lib/my_project_pkg
[1.975s] 
[1.975s] Installed /home/user/project_ws/build/my_project_pkg
[1.976s] running symlink_data
[2.014s] Invoked command in '/home/user/project_ws/build/my_project_pkg' returned '0': DEBUGINFOD_URLS=https://debuginfod.ubuntu.com PYTHONPATH=/home/user/project_ws/build/my_project_pkg/prefix_override:/usr/lib/python3/dist-packages/colcon_core/task/python/colcon_distutils_commands:/home/user/project_ws/install/my_project_pkg/lib/python3.12/site-packages:${PYTHONPATH} /usr/bin/python3 -W ignore:setup.py install is deprecated setup.py develop --editable --build-directory /home/user/project_ws/build/my_project_pkg/build --no-deps symlink_data
