[1.332s] Invoking command in '/home/user/project_ws/build/my_project_pkg': DEBUGINFOD_URLS=https://debuginfod.ubuntu.com PYTHONPATH=/home/user/project_ws/build/my_project_pkg/prefix_override:/usr/lib/python3/dist-packages/colcon_core/task/python/colcon_distutils_commands:/home/user/project_ws/install/my_project_pkg/lib/python3.12/site-packages:${PYTHONPATH} /usr/bin/python3 -W ignore:setup.py install is deprecated setup.py develop --editable --build-directory /home/user/project_ws/build/my_project_pkg/build --no-deps symlink_data
[1.820s] running develop
[2.133s] running egg_info
[2.157s] writing my_project_pkg.egg-info/PKG-INFO
[2.157s] writing dependency_links to my_project_pkg.egg-info/dependency_links.txt
[2.158s] writing entry points to my_project_pkg.egg-info/entry_points.txt
[2.158s] writing requirements to my_project_pkg.egg-info/requires.txt
[2.158s] writing top-level names to my_project_pkg.egg-info/top_level.txt
[2.206s] reading manifest file 'my_project_pkg.egg-info/SOURCES.txt'
[2.207s] writing manifest file 'my_project_pkg.egg-info/SOURCES.txt'
[2.232s] running build_ext
[2.238s] Creating /home/user/project_ws/install/my_project_pkg/lib/python3.12/site-packages/my-project-pkg.egg-link (link to .)
[2.240s] Installing my_publisher script to /home/user/project_ws/install/my_project_pkg/lib/my_project_pkg
[2.240s] Installing my_robot_controller script to /home/user/project_ws/install/my_project_pkg/lib/my_project_pkg
[2.240s] Installing my_subscriber script to /home/user/project_ws/install/my_project_pkg/lib/my_project_pkg
[2.240s] Installing say_hi script to /home/user/project_ws/install/my_project_pkg/lib/my_project_pkg
[2.240s] 
[2.241s] Installed /home/user/project_ws/build/my_project_pkg
[2.242s] running symlink_data
[2.278s] Invoked command in '/home/user/project_ws/build/my_project_pkg' returned '0': DEBUGINFOD_URLS=https://debuginfod.ubuntu.com PYTHONPATH=/home/user/project_ws/build/my_project_pkg/prefix_override:/usr/lib/python3/dist-packages/colcon_core/task/python/colcon_distutils_commands:/home/user/project_ws/install/my_project_pkg/lib/python3.12/site-packages:${PYTHONPATH} /usr/bin/python3 -W ignore:setup.py install is deprecated setup.py develop --editable --build-directory /home/user/project_ws/build/my_project_pkg/build --no-deps symlink_data
