[1.536s] Invoking command in '/home/user/project_ws/build/my_project_pkg': DEBUGINFOD_URLS=https://debuginfod.ubuntu.com PYTHONPATH=/home/user/project_ws/build/my_project_pkg/prefix_override:/usr/lib/python3/dist-packages/colcon_core/task/python/colcon_distutils_commands:/home/user/project_ws/install/my_project_pkg/lib/python3.12/site-packages:${PYTHONPATH} /usr/bin/python3 -W ignore:setup.py install is deprecated setup.py develop --editable --build-directory /home/user/project_ws/build/my_project_pkg/build --no-deps symlink_data
[1.912s] running develop
[2.192s] running egg_info
[2.216s] writing my_project_pkg.egg-info/PKG-INFO
[2.217s] writing dependency_links to my_project_pkg.egg-info/dependency_links.txt
[2.218s] writing entry points to my_project_pkg.egg-info/entry_points.txt
[2.218s] writing requirements to my_project_pkg.egg-info/requires.txt
[2.222s] writing top-level names to my_project_pkg.egg-info/top_level.txt
[2.278s] reading manifest file 'my_project_pkg.egg-info/SOURCES.txt'
[2.279s] writing manifest file 'my_project_pkg.egg-info/SOURCES.txt'
[2.306s] running build_ext
[2.306s] Creating /home/user/project_ws/install/my_project_pkg/lib/python3.12/site-packages/my-project-pkg.egg-link (link to .)
[2.306s] Installing my_publisher script to /home/user/project_ws/install/my_project_pkg/lib/my_project_pkg
[2.307s] Installing my_robot_controller script to /home/user/project_ws/install/my_project_pkg/lib/my_project_pkg
[2.307s] Installing my_subscriber script to /home/user/project_ws/install/my_project_pkg/lib/my_project_pkg
[2.307s] Installing say_hi script to /home/user/project_ws/install/my_project_pkg/lib/my_project_pkg
[2.307s] 
[2.308s] Installed /home/user/project_ws/build/my_project_pkg
[2.308s] running symlink_data
[2.368s] Invoked command in '/home/user/project_ws/build/my_project_pkg' returned '0': DEBUGINFOD_URLS=https://debuginfod.ubuntu.com PYTHONPATH=/home/user/project_ws/build/my_project_pkg/prefix_override:/usr/lib/python3/dist-packages/colcon_core/task/python/colcon_distutils_commands:/home/user/project_ws/install/my_project_pkg/lib/python3.12/site-packages:${PYTHONPATH} /usr/bin/python3 -W ignore:setup.py install is deprecated setup.py develop --editable --build-directory /home/user/project_ws/build/my_project_pkg/build --no-deps symlink_data
