[1.045s] Invoking command in '/home/user/project_ws/build/my_project_pkg': DEBUGINFOD_URLS=https://debuginfod.ubuntu.com PYTHONPATH=/home/user/project_ws/build/my_project_pkg/prefix_override:/usr/lib/python3/dist-packages/colcon_core/task/python/colcon_distutils_commands:/home/user/project_ws/install/my_project_pkg/lib/python3.12/site-packages:${PYTHONPATH} /usr/bin/python3 -W ignore:setup.py install is deprecated setup.py develop --editable --build-directory /home/user/project_ws/build/my_project_pkg/build --no-deps symlink_data --force
[1.453s] running develop
[1.700s] running egg_info
[1.722s] writing my_project_pkg.egg-info/PKG-INFO
[1.724s] writing dependency_links to my_project_pkg.egg-info/dependency_links.txt
[1.724s] writing entry points to my_project_pkg.egg-info/entry_points.txt
[1.724s] writing requirements to my_project_pkg.egg-info/requires.txt
[1.724s] writing top-level names to my_project_pkg.egg-info/top_level.txt
[1.770s] reading manifest file 'my_project_pkg.egg-info/SOURCES.txt'
[1.771s] writing manifest file 'my_project_pkg.egg-info/SOURCES.txt'
[1.799s] running build_ext
[1.799s] Creating /home/user/project_ws/install/my_project_pkg/lib/python3.12/site-packages/my-project-pkg.egg-link (link to .)
[1.801s] Installing my_publisher script to /home/user/project_ws/install/my_project_pkg/lib/my_project_pkg
[1.801s] Installing my_robot_controller script to /home/user/project_ws/install/my_project_pkg/lib/my_project_pkg
[1.801s] Installing my_subscriber script to /home/user/project_ws/install/my_project_pkg/lib/my_project_pkg
[1.801s] Installing say_hi script to /home/user/project_ws/install/my_project_pkg/lib/my_project_pkg
[1.801s] 
[1.801s] Installed /home/user/project_ws/build/my_project_pkg
[1.801s] running symlink_data
[1.801s] symbolically linking /home/user/project_ws/build/my_project_pkg/resource/my_project_pkg -> /home/user/project_ws/install/my_project_pkg/share/ament_index/resource_index/packages
[1.801s] symbolically linking /home/user/project_ws/build/my_project_pkg/package.xml -> /home/user/project_ws/install/my_project_pkg/share/my_project_pkg
[1.802s] symbolically linking /home/user/project_ws/build/my_project_pkg/launch/display.launch.py -> /home/user/project_ws/install/my_project_pkg/share/my_project_pkg/launch
[1.803s] symbolically linking /home/user/project_ws/build/my_project_pkg/model/robot.urdf.xacro -> /home/user/project_ws/install/my_project_pkg/share/my_project_pkg/model
[1.803s] symbolically linking /home/user/project_ws/build/my_project_pkg/model/meshes/BRD.STL -> /home/user/project_ws/install/my_project_pkg/share/my_project_pkg/model/meshes
[1.803s] symbolically linking /home/user/project_ws/build/my_project_pkg/model/meshes/BRI.STL -> /home/user/project_ws/install/my_project_pkg/share/my_project_pkg/model/meshes
[1.803s] symbolically linking /home/user/project_ws/build/my_project_pkg/model/meshes/ARD.STL -> /home/user/project_ws/install/my_project_pkg/share/my_project_pkg/model/meshes
[1.803s] symbolically linking /home/user/project_ws/build/my_project_pkg/model/meshes/ARI.STL -> /home/user/project_ws/install/my_project_pkg/share/my_project_pkg/model/meshes
[1.803s] symbolically linking /home/user/project_ws/build/my_project_pkg/model/meshes/ACTUADORCORTO.stl -> /home/user/project_ws/install/my_project_pkg/share/my_project_pkg/model/meshes
[1.803s] symbolically linking /home/user/project_ws/build/my_project_pkg/model/meshes/SOPORTE1.stl -> /home/user/project_ws/install/my_project_pkg/share/my_project_pkg/model/meshes
[1.803s] symbolically linking /home/user/project_ws/build/my_project_pkg/model/meshes/LIDAR.stl -> /home/user/project_ws/install/my_project_pkg/share/my_project_pkg/model/meshes
[1.803s] symbolically linking /home/user/project_ws/build/my_project_pkg/model/meshes/SOPORTE2.stl -> /home/user/project_ws/install/my_project_pkg/share/my_project_pkg/model/meshes
[1.803s] symbolically linking /home/user/project_ws/build/my_project_pkg/model/meshes/CUERPO1.stl -> /home/user/project_ws/install/my_project_pkg/share/my_project_pkg/model/meshes
[1.803s] symbolically linking /home/user/project_ws/build/my_project_pkg/model/meshes/CHASSISFULL.stl -> /home/user/project_ws/install/my_project_pkg/share/my_project_pkg/model/meshes
[1.804s] symbolically linking /home/user/project_ws/build/my_project_pkg/model/meshes/ACTUADORFINAL1.stl -> /home/user/project_ws/install/my_project_pkg/share/my_project_pkg/model/meshes
[1.805s] symbolically linking /home/user/project_ws/build/my_project_pkg/model/meshes/PALASV2.stl -> /home/user/project_ws/install/my_project_pkg/share/my_project_pkg/model/meshes
[1.805s] symbolically linking /home/user/project_ws/build/my_project_pkg/model/urdf/URDFMODELFULL.urdf -> /home/user/project_ws/install/my_project_pkg/share/my_project_pkg/model/urdf
[1.805s] symbolically linking /home/user/project_ws/build/my_project_pkg/config/my_config.rviz -> /home/user/project_ws/install/my_project_pkg/share/my_project_pkg/config
[1.843s] Invoked command in '/home/user/project_ws/build/my_project_pkg' returned '0': DEBUGINFOD_URLS=https://debuginfod.ubuntu.com PYTHONPATH=/home/user/project_ws/build/my_project_pkg/prefix_override:/usr/lib/python3/dist-packages/colcon_core/task/python/colcon_distutils_commands:/home/user/project_ws/install/my_project_pkg/lib/python3.12/site-packages:${PYTHONPATH} /usr/bin/python3 -W ignore:setup.py install is deprecated setup.py develop --editable --build-directory /home/user/project_ws/build/my_project_pkg/build --no-deps symlink_data --force
