[1.043s] Invoking command in '/home/user/project_ws/build/my_project_pkg': DEBUGINFOD_URLS=https://debuginfod.ubuntu.com PYTHONPATH=/home/user/project_ws/build/my_project_pkg/prefix_override:/usr/lib/python3/dist-packages/colcon_core/task/python/colcon_distutils_commands:/home/user/project_ws/install/my_project_pkg/lib/python3.12/site-packages:${PYTHONPATH} /usr/bin/python3 -W ignore:setup.py install is deprecated setup.py develop --editable --build-directory /home/user/project_ws/build/my_project_pkg/build --no-deps symlink_data
[1.463s] running develop
[1.727s] running egg_info
[1.749s] writing my_project_pkg.egg-info/PKG-INFO
[1.750s] writing dependency_links to my_project_pkg.egg-info/dependency_links.txt
[1.750s] writing entry points to my_project_pkg.egg-info/entry_points.txt
[1.751s] writing requirements to my_project_pkg.egg-info/requires.txt
[1.751s] writing top-level names to my_project_pkg.egg-info/top_level.txt
[1.797s] reading manifest file 'my_project_pkg.egg-info/SOURCES.txt'
[1.798s] writing manifest file 'my_project_pkg.egg-info/SOURCES.txt'
[1.829s] running build_ext
[1.836s] Creating /home/user/project_ws/install/my_project_pkg/lib/python3.12/site-packages/my-project-pkg.egg-link (link to .)
[1.837s] Installing my_publisher script to /home/user/project_ws/install/my_project_pkg/lib/my_project_pkg
[1.838s] Installing my_robot_controller script to /home/user/project_ws/install/my_project_pkg/lib/my_project_pkg
[1.838s] Installing my_subscriber script to /home/user/project_ws/install/my_project_pkg/lib/my_project_pkg
[1.838s] Installing say_hi script to /home/user/project_ws/install/my_project_pkg/lib/my_project_pkg
[1.838s] 
[1.838s] Installed /home/user/project_ws/build/my_project_pkg
[1.838s] running symlink_data
[1.877s] Invoked command in '/home/user/project_ws/build/my_project_pkg' returned '0': DEBUGINFOD_URLS=https://debuginfod.ubuntu.com PYTHONPATH=/home/user/project_ws/build/my_project_pkg/prefix_override:/usr/lib/python3/dist-packages/colcon_core/task/python/colcon_distutils_commands:/home/user/project_ws/install/my_project_pkg/lib/python3.12/site-packages:${PYTHONPATH} /usr/bin/python3 -W ignore:setup.py install is deprecated setup.py develop --editable --build-directory /home/user/project_ws/build/my_project_pkg/build --no-deps symlink_data
