[3.118s] Invoking command in '/home/user/project_ws/build/my_project_pkg': DEBUGINFOD_URLS=https://debuginfod.ubuntu.com PYTHONPATH=/home/user/project_ws/build/my_project_pkg/prefix_override:/usr/lib/python3/dist-packages/colcon_core/task/python/colcon_distutils_commands:/home/user/project_ws/install/my_project_pkg/lib/python3.12/site-packages:${PYTHONPATH} /usr/bin/python3 -W ignore:setup.py install is deprecated setup.py develop --editable --build-directory /home/user/project_ws/build/my_project_pkg/build --no-deps symlink_data
[4.499s] running develop
[5.216s] running egg_info
[5.309s] writing my_project_pkg.egg-info/PKG-INFO
[5.315s] writing dependency_links to my_project_pkg.egg-info/dependency_links.txt
[5.315s] writing entry points to my_project_pkg.egg-info/entry_points.txt
[5.317s] writing requirements to my_project_pkg.egg-info/requires.txt
[5.317s] writing top-level names to my_project_pkg.egg-info/top_level.txt
[5.460s] reading manifest file 'my_project_pkg.egg-info/SOURCES.txt'
[5.462s] writing manifest file 'my_project_pkg.egg-info/SOURCES.txt'
[5.545s] running build_ext
[5.547s] Creating /home/user/project_ws/install/my_project_pkg/lib/python3.12/site-packages/my-project-pkg.egg-link (link to .)
[5.548s] Installing my_publisher script to /home/user/project_ws/install/my_project_pkg/lib/my_project_pkg
[5.548s] Installing my_robot_controller script to /home/user/project_ws/install/my_project_pkg/lib/my_project_pkg
[5.549s] Installing my_subscriber script to /home/user/project_ws/install/my_project_pkg/lib/my_project_pkg
[5.550s] Installing say_hi script to /home/user/project_ws/install/my_project_pkg/lib/my_project_pkg
[5.552s] 
[5.552s] Installed /home/user/project_ws/build/my_project_pkg
[5.552s] running symlink_data
[5.660s] Invoked command in '/home/user/project_ws/build/my_project_pkg' returned '0': DEBUGINFOD_URLS=https://debuginfod.ubuntu.com PYTHONPATH=/home/user/project_ws/build/my_project_pkg/prefix_override:/usr/lib/python3/dist-packages/colcon_core/task/python/colcon_distutils_commands:/home/user/project_ws/install/my_project_pkg/lib/python3.12/site-packages:${PYTHONPATH} /usr/bin/python3 -W ignore:setup.py install is deprecated setup.py develop --editable --build-directory /home/user/project_ws/build/my_project_pkg/build --no-deps symlink_data
