running egg_info
writing ../../build/my_project_pkg/my_project_pkg.egg-info/PKG-INFO
writing dependency_links to ../../build/my_project_pkg/my_project_pkg.egg-info/dependency_links.txt
writing entry points to ../../build/my_project_pkg/my_project_pkg.egg-info/entry_points.txt
writing requirements to ../../build/my_project_pkg/my_project_pkg.egg-info/requires.txt
writing top-level names to ../../build/my_project_pkg/my_project_pkg.egg-info/top_level.txt
reading manifest file '../../build/my_project_pkg/my_project_pkg.egg-info/SOURCES.txt'
writing manifest file '../../build/my_project_pkg/my_project_pkg.egg-info/SOURCES.txt'
running build
running build_py
running install
running install_lib
running install_data
copying model/urdf/URDFMODELFULL.urdf -> /home/user/project_ws/install/my_project_pkg/share/my_project_pkg/model/urdf
running install_egg_info
removing '/home/user/project_ws/install/my_project_pkg/lib/python3.12/site-packages/my_project_pkg-0.0.1-py3.12.egg-info' (and everything under it)
Copying ../../build/my_project_pkg/my_project_pkg.egg-info to /home/user/project_ws/install/my_project_pkg/lib/python3.12/site-packages/my_project_pkg-0.0.1-py3.12.egg-info
running install_scripts
Installing my_publisher script to /home/user/project_ws/install/my_project_pkg/lib/my_project_pkg
Installing my_robot_controller script to /home/user/project_ws/install/my_project_pkg/lib/my_project_pkg
Installing my_subscriber script to /home/user/project_ws/install/my_project_pkg/lib/my_project_pkg
Installing say_hi script to /home/user/project_ws/install/my_project_pkg/lib/my_project_pkg
writing list of installed files to '/home/user/project_ws/build/my_project_pkg/install.log'
