[2.058s] Invoking command in '/home/user/project_ws/build/my_project_pkg': DEBUGINFOD_URLS=https://debuginfod.ubuntu.com PYTHONPATH=/home/user/project_ws/build/my_project_pkg/prefix_override:/usr/lib/python3/dist-packages/colcon_core/task/python/colcon_distutils_commands:/home/user/project_ws/install/my_project_pkg/lib/python3.12/site-packages:${PYTHONPATH} /usr/bin/python3 -W ignore:setup.py install is deprecated setup.py develop --editable --build-directory /home/user/project_ws/build/my_project_pkg/build --no-deps symlink_data
[2.637s] running develop
[2.891s] running egg_info
[2.916s] writing my_project_pkg.egg-info/PKG-INFO
[2.917s] writing dependency_links to my_project_pkg.egg-info/dependency_links.txt
[2.918s] writing entry points to my_project_pkg.egg-info/entry_points.txt
[2.918s] writing requirements to my_project_pkg.egg-info/requires.txt
[2.918s] writing top-level names to my_project_pkg.egg-info/top_level.txt
[2.967s] reading manifest file 'my_project_pkg.egg-info/SOURCES.txt'
[2.969s] writing manifest file 'my_project_pkg.egg-info/SOURCES.txt'
[3.000s] running build_ext
[3.000s] Creating /home/user/project_ws/install/my_project_pkg/lib/python3.12/site-packages/my-project-pkg.egg-link (link to .)
[3.000s] Installing my_publisher script to /home/user/project_ws/install/my_project_pkg/lib/my_project_pkg
[3.002s] Installing my_robot_controller script to /home/user/project_ws/install/my_project_pkg/lib/my_project_pkg
[3.003s] Installing my_subscriber script to /home/user/project_ws/install/my_project_pkg/lib/my_project_pkg
[3.006s] Installing say_hi script to /home/user/project_ws/install/my_project_pkg/lib/my_project_pkg
[3.006s] 
[3.006s] Installed /home/user/project_ws/build/my_project_pkg
[3.009s] running symlink_data
[3.067s] Invoked command in '/home/user/project_ws/build/my_project_pkg' returned '0': DEBUGINFOD_URLS=https://debuginfod.ubuntu.com PYTHONPATH=/home/user/project_ws/build/my_project_pkg/prefix_override:/usr/lib/python3/dist-packages/colcon_core/task/python/colcon_distutils_commands:/home/user/project_ws/install/my_project_pkg/lib/python3.12/site-packages:${PYTHONPATH} /usr/bin/python3 -W ignore:setup.py install is deprecated setup.py develop --editable --build-directory /home/user/project_ws/build/my_project_pkg/build --no-deps symlink_data
