[0.985s] Invoking command in '/home/user/project_ws/src/my_project_pkg': DEBUGINFOD_URLS=https://debuginfod.ubuntu.com PYTHONPATH=/home/user/project_ws/build/my_project_pkg/prefix_override:/usr/lib/python3/dist-packages/colcon_core/task/python/colcon_distutils_commands:/home/user/project_ws/install/my_project_pkg/lib/python3.12/site-packages:${PYTHONPATH} /usr/bin/python3 -W ignore:setup.py install is deprecated setup.py egg_info --egg-base ../../build/my_project_pkg build --build-base /home/user/project_ws/build/my_project_pkg/build install --record /home/user/project_ws/build/my_project_pkg/install.log --single-version-externally-managed install_data
[1.276s] running egg_info
[1.298s] writing ../../build/my_project_pkg/my_project_pkg.egg-info/PKG-INFO
[1.298s] writing dependency_links to ../../build/my_project_pkg/my_project_pkg.egg-info/dependency_links.txt
[1.299s] writing entry points to ../../build/my_project_pkg/my_project_pkg.egg-info/entry_points.txt
[1.299s] writing requirements to ../../build/my_project_pkg/my_project_pkg.egg-info/requires.txt
[1.299s] writing top-level names to ../../build/my_project_pkg/my_project_pkg.egg-info/top_level.txt
[1.349s] reading manifest file '../../build/my_project_pkg/my_project_pkg.egg-info/SOURCES.txt'
[1.350s] writing manifest file '../../build/my_project_pkg/my_project_pkg.egg-info/SOURCES.txt'
[1.350s] running build
[1.351s] running build_py
[1.351s] running install
[1.357s] running install_lib
[1.382s] running install_data
[1.383s] running install_egg_info
[1.406s] removing '/home/user/project_ws/install/my_project_pkg/lib/python3.12/site-packages/my_project_pkg-0.0.1-py3.12.egg-info' (and everything under it)
[1.407s] Copying ../../build/my_project_pkg/my_project_pkg.egg-info to /home/user/project_ws/install/my_project_pkg/lib/python3.12/site-packages/my_project_pkg-0.0.1-py3.12.egg-info
[1.408s] running install_scripts
[1.564s] Installing my_publisher script to /home/user/project_ws/install/my_project_pkg/lib/my_project_pkg
[1.565s] Installing my_subscriber script to /home/user/project_ws/install/my_project_pkg/lib/my_project_pkg
[1.565s] Installing say_hi script to /home/user/project_ws/install/my_project_pkg/lib/my_project_pkg
[1.566s] writing list of installed files to '/home/user/project_ws/build/my_project_pkg/install.log'
[1.607s] Invoked command in '/home/user/project_ws/src/my_project_pkg' returned '0': DEBUGINFOD_URLS=https://debuginfod.ubuntu.com PYTHONPATH=/home/user/project_ws/build/my_project_pkg/prefix_override:/usr/lib/python3/dist-packages/colcon_core/task/python/colcon_distutils_commands:/home/user/project_ws/install/my_project_pkg/lib/python3.12/site-packages:${PYTHONPATH} /usr/bin/python3 -W ignore:setup.py install is deprecated setup.py egg_info --egg-base ../../build/my_project_pkg build --build-base /home/user/project_ws/build/my_project_pkg/build install --record /home/user/project_ws/build/my_project_pkg/install.log --single-version-externally-managed install_data
