running develop
running egg_info
writing my_project_pkg.egg-info/PKG-INFO
writing dependency_links to my_project_pkg.egg-info/dependency_links.txt
writing entry points to my_project_pkg.egg-info/entry_points.txt
writing requirements to my_project_pkg.egg-info/requires.txt
writing top-level names to my_project_pkg.egg-info/top_level.txt
reading manifest file 'my_project_pkg.egg-info/SOURCES.txt'
writing manifest file 'my_project_pkg.egg-info/SOURCES.txt'
running build_ext
Creating /home/user/project_ws/install/my_project_pkg/lib/python3.12/site-packages/my-project-pkg.egg-link (link to .)
Installing my_publisher script to /home/user/project_ws/install/my_project_pkg/lib/my_project_pkg
Installing my_subscriber script to /home/user/project_ws/install/my_project_pkg/lib/my_project_pkg
Installing say_hi script to /home/user/project_ws/install/my_project_pkg/lib/my_project_pkg

Installed /home/user/project_ws/build/my_project_pkg
running symlink_data
symbolically linking /home/user/project_ws/build/my_project_pkg/resource/my_project_pkg -> /home/user/project_ws/install/my_project_pkg/share/ament_index/resource_index/packages
symbolically linking /home/user/project_ws/build/my_project_pkg/package.xml -> /home/user/project_ws/install/my_project_pkg/share/my_project_pkg
symbolically linking /home/user/project_ws/build/my_project_pkg/launch/display.launch.py -> /home/user/project_ws/install/my_project_pkg/share/my_project_pkg/launch
symbolically linking /home/user/project_ws/build/my_project_pkg/model/robot.urdf.xacro -> /home/user/project_ws/install/my_project_pkg/share/my_project_pkg/model
symbolically linking /home/user/project_ws/build/my_project_pkg/model/meshes/BRD.STL -> /home/user/project_ws/install/my_project_pkg/share/my_project_pkg/model/meshes
symbolically linking /home/user/project_ws/build/my_project_pkg/model/meshes/BRI.STL -> /home/user/project_ws/install/my_project_pkg/share/my_project_pkg/model/meshes
symbolically linking /home/user/project_ws/build/my_project_pkg/model/meshes/ARD.STL -> /home/user/project_ws/install/my_project_pkg/share/my_project_pkg/model/meshes
symbolically linking /home/user/project_ws/build/my_project_pkg/model/meshes/ARI.STL -> /home/user/project_ws/install/my_project_pkg/share/my_project_pkg/model/meshes
symbolically linking /home/user/project_ws/build/my_project_pkg/model/meshes/CHASSISFULL.stl -> /home/user/project_ws/install/my_project_pkg/share/my_project_pkg/model/meshes
symbolically linking /home/user/project_ws/build/my_project_pkg/model/meshes/ACTUADORFINAL1.stl -> /home/user/project_ws/install/my_project_pkg/share/my_project_pkg/model/meshes
symbolically linking /home/user/project_ws/build/my_project_pkg/model/meshes/PALASV2.stl -> /home/user/project_ws/install/my_project_pkg/share/my_project_pkg/model/meshes
symbolically linking /home/user/project_ws/build/my_project_pkg/model/urdf/URDFMODELFULL.urdf -> /home/user/project_ws/install/my_project_pkg/share/my_project_pkg/model/urdf
symbolically linking /home/user/project_ws/build/my_project_pkg/config/my_config.rviz -> /home/user/project_ws/install/my_project_pkg/share/my_project_pkg/config
