[1.160s] Invoking command in '/home/user/project_ws/build/my_project_pkg': DEBUGINFOD_URLS=https://debuginfod.ubuntu.com PYTHONPATH=/home/user/project_ws/build/my_project_pkg/prefix_override:/usr/lib/python3/dist-packages/colcon_core/task/python/colcon_distutils_commands:/home/user/project_ws/install/my_project_pkg/lib/python3.12/site-packages:${PYTHONPATH} /usr/bin/python3 -W ignore:setup.py install is deprecated setup.py develop --editable --build-directory /home/user/project_ws/build/my_project_pkg/build --no-deps symlink_data
[1.530s] running develop
[1.783s] running egg_info
[1.806s] writing my_project_pkg.egg-info/PKG-INFO
[1.806s] writing dependency_links to my_project_pkg.egg-info/dependency_links.txt
[1.807s] writing entry points to my_project_pkg.egg-info/entry_points.txt
[1.807s] writing requirements to my_project_pkg.egg-info/requires.txt
[1.807s] writing top-level names to my_project_pkg.egg-info/top_level.txt
[1.855s] reading manifest file 'my_project_pkg.egg-info/SOURCES.txt'
[1.856s] writing manifest file 'my_project_pkg.egg-info/SOURCES.txt'
[1.881s] running build_ext
[1.881s] Creating /home/user/project_ws/install/my_project_pkg/lib/python3.12/site-packages/my-project-pkg.egg-link (link to .)
[1.882s] Installing my_publisher script to /home/user/project_ws/install/my_project_pkg/lib/my_project_pkg
[1.882s] Installing my_robot_controller script to /home/user/project_ws/install/my_project_pkg/lib/my_project_pkg
[1.882s] Installing my_subscriber script to /home/user/project_ws/install/my_project_pkg/lib/my_project_pkg
[1.882s] Installing say_hi script to /home/user/project_ws/install/my_project_pkg/lib/my_project_pkg
[1.882s] 
[1.883s] Installed /home/user/project_ws/build/my_project_pkg
[1.883s] running symlink_data
[1.920s] Invoked command in '/home/user/project_ws/build/my_project_pkg' returned '0': DEBUGINFOD_URLS=https://debuginfod.ubuntu.com PYTHONPATH=/home/user/project_ws/build/my_project_pkg/prefix_override:/usr/lib/python3/dist-packages/colcon_core/task/python/colcon_distutils_commands:/home/user/project_ws/install/my_project_pkg/lib/python3.12/site-packages:${PYTHONPATH} /usr/bin/python3 -W ignore:setup.py install is deprecated setup.py develop --editable --build-directory /home/user/project_ws/build/my_project_pkg/build --no-deps symlink_data
