[1.806s] Invoking command in '/home/user/project_ws/build/my_project_pkg': DEBUGINFOD_URLS=https://debuginfod.ubuntu.com PYTHONPATH=/home/user/project_ws/build/my_project_pkg/prefix_override:/usr/lib/python3/dist-packages/colcon_core/task/python/colcon_distutils_commands:/home/user/project_ws/install/my_project_pkg/lib/python3.12/site-packages:${PYTHONPATH} /usr/bin/python3 -W ignore:setup.py install is deprecated setup.py develop --uninstall --editable --build-directory /home/user/project_ws/build/my_project_pkg/build
[2.180s] running develop
[2.484s] Removing /home/user/project_ws/install/my_project_pkg/lib/python3.12/site-packages/my-project-pkg.egg-link (link to .)
[2.518s] Invoked command in '/home/user/project_ws/build/my_project_pkg' returned '0': DEBUGINFOD_URLS=https://debuginfod.ubuntu.com PYTHONPATH=/home/user/project_ws/build/my_project_pkg/prefix_override:/usr/lib/python3/dist-packages/colcon_core/task/python/colcon_distutils_commands:/home/user/project_ws/install/my_project_pkg/lib/python3.12/site-packages:${PYTHONPATH} /usr/bin/python3 -W ignore:setup.py install is deprecated setup.py develop --uninstall --editable --build-directory /home/user/project_ws/build/my_project_pkg/build
[2.519s] Invoking command in '/home/user/project_ws/src/my_project_pkg': DEBUGINFOD_URLS=https://debuginfod.ubuntu.com PYTHONPATH=/home/user/project_ws/build/my_project_pkg/prefix_override:/usr/lib/python3/dist-packages/colcon_core/task/python/colcon_distutils_commands:/home/user/project_ws/install/my_project_pkg/lib/python3.12/site-packages:${PYTHONPATH} /usr/bin/python3 -W ignore:setup.py install is deprecated setup.py egg_info --egg-base ../../build/my_project_pkg build --build-base /home/user/project_ws/build/my_project_pkg/build install --record /home/user/project_ws/build/my_project_pkg/install.log --single-version-externally-managed install_data --force
[2.827s] running egg_info
[2.850s] writing ../../build/my_project_pkg/my_project_pkg.egg-info/PKG-INFO
[2.852s] writing dependency_links to ../../build/my_project_pkg/my_project_pkg.egg-info/dependency_links.txt
[2.852s] writing entry points to ../../build/my_project_pkg/my_project_pkg.egg-info/entry_points.txt
[2.852s] writing requirements to ../../build/my_project_pkg/my_project_pkg.egg-info/requires.txt
[2.855s] writing top-level names to ../../build/my_project_pkg/my_project_pkg.egg-info/top_level.txt
[2.900s] reading manifest file '../../build/my_project_pkg/my_project_pkg.egg-info/SOURCES.txt'
[2.902s] writing manifest file '../../build/my_project_pkg/my_project_pkg.egg-info/SOURCES.txt'
[2.903s] running build
[2.903s] running build_py
[2.904s] copying my_project_pkg/my_robot_controller.py -> /home/user/project_ws/build/my_project_pkg/build/lib/my_project_pkg
[2.905s] running install
[2.910s] running install_lib
[2.935s] creating /home/user/project_ws/install/my_project_pkg/lib/python3.12/site-packages/my_project_pkg
[2.937s] copying /home/user/project_ws/build/my_project_pkg/build/lib/my_project_pkg/subscriber.py -> /home/user/project_ws/install/my_project_pkg/lib/python3.12/site-packages/my_project_pkg
[2.937s] copying /home/user/project_ws/build/my_project_pkg/build/lib/my_project_pkg/my_robot_controller.py -> /home/user/project_ws/install/my_project_pkg/lib/python3.12/site-packages/my_project_pkg
[2.937s] copying /home/user/project_ws/build/my_project_pkg/build/lib/my_project_pkg/say_hi.py -> /home/user/project_ws/install/my_project_pkg/lib/python3.12/site-packages/my_project_pkg
[2.938s] copying /home/user/project_ws/build/my_project_pkg/build/lib/my_project_pkg/publisher.py -> /home/user/project_ws/install/my_project_pkg/lib/python3.12/site-packages/my_project_pkg
[2.940s] copying /home/user/project_ws/build/my_project_pkg/build/lib/my_project_pkg/__init__.py -> /home/user/project_ws/install/my_project_pkg/lib/python3.12/site-packages/my_project_pkg
[2.942s] byte-compiling /home/user/project_ws/install/my_project_pkg/lib/python3.12/site-packages/my_project_pkg/subscriber.py to subscriber.cpython-312.pyc
[2.942s] byte-compiling /home/user/project_ws/install/my_project_pkg/lib/python3.12/site-packages/my_project_pkg/my_robot_controller.py to my_robot_controller.cpython-312.pyc
[2.945s] byte-compiling /home/user/project_ws/install/my_project_pkg/lib/python3.12/site-packages/my_project_pkg/say_hi.py to say_hi.cpython-312.pyc
[2.946s] byte-compiling /home/user/project_ws/install/my_project_pkg/lib/python3.12/site-packages/my_project_pkg/publisher.py to publisher.cpython-312.pyc
[2.947s] byte-compiling /home/user/project_ws/install/my_project_pkg/lib/python3.12/site-packages/my_project_pkg/__init__.py to __init__.cpython-312.pyc
[2.947s] running install_data
[2.947s] copying resource/my_project_pkg -> /home/user/project_ws/install/my_project_pkg/share/ament_index/resource_index/packages
[2.950s] copying package.xml -> /home/user/project_ws/install/my_project_pkg/share/my_project_pkg
[2.950s] copying launch/display.launch.py -> /home/user/project_ws/install/my_project_pkg/share/my_project_pkg/launch
[2.952s] copying model/robot.urdf.xacro -> /home/user/project_ws/install/my_project_pkg/share/my_project_pkg/model
[2.952s] copying model/meshes/BRD.STL -> /home/user/project_ws/install/my_project_pkg/share/my_project_pkg/model/meshes
[2.967s] copying model/meshes/BRI.STL -> /home/user/project_ws/install/my_project_pkg/share/my_project_pkg/model/meshes
[2.980s] copying model/meshes/ARD.STL -> /home/user/project_ws/install/my_project_pkg/share/my_project_pkg/model/meshes
[2.994s] copying model/meshes/ARI.STL -> /home/user/project_ws/install/my_project_pkg/share/my_project_pkg/model/meshes
[3.006s] copying model/meshes/ACTUADORCORTO.stl -> /home/user/project_ws/install/my_project_pkg/share/my_project_pkg/model/meshes
[3.009s] copying model/meshes/SOPORTE1.stl -> /home/user/project_ws/install/my_project_pkg/share/my_project_pkg/model/meshes
[3.010s] copying model/meshes/LIDAR.stl -> /home/user/project_ws/install/my_project_pkg/share/my_project_pkg/model/meshes
[3.010s] copying model/meshes/SOPORTE2.stl -> /home/user/project_ws/install/my_project_pkg/share/my_project_pkg/model/meshes
[3.010s] copying model/meshes/CUERPO1.stl -> /home/user/project_ws/install/my_project_pkg/share/my_project_pkg/model/meshes
[3.010s] copying model/meshes/CHASSISFULL.stl -> /home/user/project_ws/install/my_project_pkg/share/my_project_pkg/model/meshes
[3.011s] copying model/meshes/ACTUADORFINAL1.stl -> /home/user/project_ws/install/my_project_pkg/share/my_project_pkg/model/meshes
[3.012s] copying model/meshes/PALASV2.stl -> /home/user/project_ws/install/my_project_pkg/share/my_project_pkg/model/meshes
[3.012s] copying model/urdf/URDFMODELFULL.urdf -> /home/user/project_ws/install/my_project_pkg/share/my_project_pkg/model/urdf
[3.014s] copying config/my_config.rviz -> /home/user/project_ws/install/my_project_pkg/share/my_project_pkg/config
[3.015s] running install_egg_info
[3.046s] Copying ../../build/my_project_pkg/my_project_pkg.egg-info to /home/user/project_ws/install/my_project_pkg/lib/python3.12/site-packages/my_project_pkg-0.0.1-py3.12.egg-info
[3.049s] running install_scripts
[3.269s] Installing my_publisher script to /home/user/project_ws/install/my_project_pkg/lib/my_project_pkg
[3.271s] Installing my_robot_controller script to /home/user/project_ws/install/my_project_pkg/lib/my_project_pkg
[3.271s] Installing my_subscriber script to /home/user/project_ws/install/my_project_pkg/lib/my_project_pkg
[3.272s] Installing say_hi script to /home/user/project_ws/install/my_project_pkg/lib/my_project_pkg
[3.274s] writing list of installed files to '/home/user/project_ws/build/my_project_pkg/install.log'
[3.319s] Invoked command in '/home/user/project_ws/src/my_project_pkg' returned '0': DEBUGINFOD_URLS=https://debuginfod.ubuntu.com PYTHONPATH=/home/user/project_ws/build/my_project_pkg/prefix_override:/usr/lib/python3/dist-packages/colcon_core/task/python/colcon_distutils_commands:/home/user/project_ws/install/my_project_pkg/lib/python3.12/site-packages:${PYTHONPATH} /usr/bin/python3 -W ignore:setup.py install is deprecated setup.py egg_info --egg-base ../../build/my_project_pkg build --build-base /home/user/project_ws/build/my_project_pkg/build install --record /home/user/project_ws/build/my_project_pkg/install.log --single-version-externally-managed install_data --force
