[2.091s] Invoking command in '/home/user/project_ws/src/my_project_pkg': DEBUGINFOD_URLS=https://debuginfod.ubuntu.com PYTHONPATH=/home/user/project_ws/build/my_project_pkg/prefix_override:/usr/lib/python3/dist-packages/colcon_core/task/python/colcon_distutils_commands:/home/user/project_ws/install/my_project_pkg/lib/python3.12/site-packages:${PYTHONPATH} /usr/bin/python3 -W ignore:setup.py install is deprecated setup.py egg_info --egg-base ../../build/my_project_pkg build --build-base /home/user/project_ws/build/my_project_pkg/build install --record /home/user/project_ws/build/my_project_pkg/install.log --single-version-externally-managed install_data
[2.515s] running egg_info
[2.539s] writing ../../build/my_project_pkg/my_project_pkg.egg-info/PKG-INFO
[2.541s] writing dependency_links to ../../build/my_project_pkg/my_project_pkg.egg-info/dependency_links.txt
[2.542s] writing entry points to ../../build/my_project_pkg/my_project_pkg.egg-info/entry_points.txt
[2.543s] writing requirements to ../../build/my_project_pkg/my_project_pkg.egg-info/requires.txt
[2.543s] writing top-level names to ../../build/my_project_pkg/my_project_pkg.egg-info/top_level.txt
[2.607s] reading manifest file '../../build/my_project_pkg/my_project_pkg.egg-info/SOURCES.txt'
[2.611s] writing manifest file '../../build/my_project_pkg/my_project_pkg.egg-info/SOURCES.txt'
[2.611s] running build
[2.612s] running build_py
[2.615s] running install
[2.620s] running install_lib
[2.649s] running install_data
[2.651s] running install_egg_info
[2.677s] removing '/home/user/project_ws/install/my_project_pkg/lib/python3.12/site-packages/my_project_pkg-0.0.1-py3.12.egg-info' (and everything under it)
[2.679s] Copying ../../build/my_project_pkg/my_project_pkg.egg-info to /home/user/project_ws/install/my_project_pkg/lib/python3.12/site-packages/my_project_pkg-0.0.1-py3.12.egg-info
[2.681s] running install_scripts
[2.844s] Installing my_publisher script to /home/user/project_ws/install/my_project_pkg/lib/my_project_pkg
[2.847s] Installing my_robot_controller script to /home/user/project_ws/install/my_project_pkg/lib/my_project_pkg
[2.847s] Installing my_subscriber script to /home/user/project_ws/install/my_project_pkg/lib/my_project_pkg
[2.847s] Installing say_hi script to /home/user/project_ws/install/my_project_pkg/lib/my_project_pkg
[2.848s] writing list of installed files to '/home/user/project_ws/build/my_project_pkg/install.log'
[2.900s] Invoked command in '/home/user/project_ws/src/my_project_pkg' returned '0': DEBUGINFOD_URLS=https://debuginfod.ubuntu.com PYTHONPATH=/home/user/project_ws/build/my_project_pkg/prefix_override:/usr/lib/python3/dist-packages/colcon_core/task/python/colcon_distutils_commands:/home/user/project_ws/install/my_project_pkg/lib/python3.12/site-packages:${PYTHONPATH} /usr/bin/python3 -W ignore:setup.py install is deprecated setup.py egg_info --egg-base ../../build/my_project_pkg build --build-base /home/user/project_ws/build/my_project_pkg/build install --record /home/user/project_ws/build/my_project_pkg/install.log --single-version-externally-managed install_data
