[2.628s] Invoking command in '/home/user/project_ws/build/my_project_pkg': DEBUGINFOD_URLS=https://debuginfod.ubuntu.com PYTHONPATH=/home/user/project_ws/build/my_project_pkg/prefix_override:/usr/lib/python3/dist-packages/colcon_core/task/python/colcon_distutils_commands:/home/user/project_ws/install/my_project_pkg/lib/python3.12/site-packages:${PYTHONPATH} /usr/bin/python3 -W ignore:setup.py install is deprecated setup.py develop --editable --build-directory /home/user/project_ws/build/my_project_pkg/build --no-deps symlink_data
[3.141s] running develop
[3.516s] running egg_info
[3.539s] writing my_project_pkg.egg-info/PKG-INFO
[3.539s] writing dependency_links to my_project_pkg.egg-info/dependency_links.txt
[3.539s] writing entry points to my_project_pkg.egg-info/entry_points.txt
[3.539s] writing requirements to my_project_pkg.egg-info/requires.txt
[3.540s] writing top-level names to my_project_pkg.egg-info/top_level.txt
[3.599s] reading manifest file 'my_project_pkg.egg-info/SOURCES.txt'
[3.606s] writing manifest file 'my_project_pkg.egg-info/SOURCES.txt'
[3.632s] running build_ext
[3.634s] Creating /home/user/project_ws/install/my_project_pkg/lib/python3.12/site-packages/my-project-pkg.egg-link (link to .)
[3.635s] Installing my_publisher script to /home/user/project_ws/install/my_project_pkg/lib/my_project_pkg
[3.636s] Installing my_robot_controller script to /home/user/project_ws/install/my_project_pkg/lib/my_project_pkg
[3.636s] Installing my_subscriber script to /home/user/project_ws/install/my_project_pkg/lib/my_project_pkg
[3.637s] Installing say_hi script to /home/user/project_ws/install/my_project_pkg/lib/my_project_pkg
[3.637s] 
[3.637s] Installed /home/user/project_ws/build/my_project_pkg
[3.637s] running symlink_data
[3.688s] Invoked command in '/home/user/project_ws/build/my_project_pkg' returned '0': DEBUGINFOD_URLS=https://debuginfod.ubuntu.com PYTHONPATH=/home/user/project_ws/build/my_project_pkg/prefix_override:/usr/lib/python3/dist-packages/colcon_core/task/python/colcon_distutils_commands:/home/user/project_ws/install/my_project_pkg/lib/python3.12/site-packages:${PYTHONPATH} /usr/bin/python3 -W ignore:setup.py install is deprecated setup.py develop --editable --build-directory /home/user/project_ws/build/my_project_pkg/build --no-deps symlink_data
