[0.179s] DEBUG:colcon:Command line arguments: ['/usr/bin/colcon', 'build', '--symlink-install']
[0.179s] DEBUG:colcon:Parsed command line arguments: Namespace(log_base=None, log_level=None, verb_name='build', build_base='build', install_base='install', merge_install=False, symlink_install=True, test_result_base=None, continue_on_error=False, executor='parallel', parallel_workers=2, event_handlers=None, ignore_user_meta=False, metas=['./colcon.meta'], base_paths=['.'], packages_ignore=None, packages_ignore_regex=None, paths=None, packages_up_to=None, packages_up_to_regex=None, packages_above=None, packages_above_and_dependencies=None, packages_above_depth=None, packages_select_by_dep=None, packages_skip_by_dep=None, packages_skip_up_to=None, packages_select_build_failed=False, packages_skip_build_finished=False, packages_select_test_failures=False, packages_skip_test_passed=False, packages_select=None, packages_skip=None, packages_select_regex=None, packages_skip_regex=None, packages_start=None, packages_end=None, allow_overriding=[], cmake_args=None, cmake_target=None, cmake_target_skip_unavailable=False, cmake_clean_cache=False, cmake_clean_first=False, cmake_force_configure=False, ament_cmake_args=None, catkin_cmake_args=None, catkin_skip_building_tests=False, mixin_files=None, mixin=None, verb_parser=<colcon_mixin.mixin.mixin_argument.MixinArgumentDecorator object at 0x736cbe483ce0>, verb_extension=<colcon_core.verb.build.BuildVerb object at 0x736cbe4835c0>, main=<bound method BuildVerb.main of <colcon_core.verb.build.BuildVerb object at 0x736cbe4835c0>>, mixin_verb=('build',))
[0.245s] Level 1:colcon.colcon_core.package_discovery:discover_packages(colcon_meta) check parameters
[0.245s] Level 1:colcon.colcon_core.package_discovery:discover_packages(recursive) check parameters
[0.245s] Level 1:colcon.colcon_core.package_discovery:discover_packages(ignore) check parameters
[0.245s] Level 1:colcon.colcon_core.package_discovery:discover_packages(path) check parameters
[0.245s] Level 1:colcon.colcon_core.package_discovery:discover_packages(colcon_meta) discover
[0.245s] Level 1:colcon.colcon_core.package_discovery:discover_packages(recursive) discover
[0.245s] INFO:colcon.colcon_core.package_discovery:Crawling recursively for packages in '/home/user/project_ws'
[0.245s] Level 1:colcon.colcon_core.package_identification:_identify(.) by extensions ['ignore', 'ignore_ament_install']
[0.245s] Level 1:colcon.colcon_core.package_identification:_identify(.) by extension 'ignore'
[0.246s] Level 1:colcon.colcon_core.package_identification:_identify(.) by extension 'ignore_ament_install'
[0.246s] Level 1:colcon.colcon_core.package_identification:_identify(.) by extensions ['colcon_pkg']
[0.246s] Level 1:colcon.colcon_core.package_identification:_identify(.) by extension 'colcon_pkg'
[0.246s] Level 1:colcon.colcon_core.package_identification:_identify(.) by extensions ['colcon_meta']
[0.246s] Level 1:colcon.colcon_core.package_identification:_identify(.) by extension 'colcon_meta'
[0.246s] Level 1:colcon.colcon_core.package_identification:_identify(.) by extensions ['ros']
[0.246s] Level 1:colcon.colcon_core.package_identification:_identify(.) by extension 'ros'
[0.298s] Level 1:colcon.colcon_core.package_identification:_identify(.) by extensions ['cmake', 'python']
[0.298s] Level 1:colcon.colcon_core.package_identification:_identify(.) by extension 'cmake'
[0.298s] Level 1:colcon.colcon_core.package_identification:_identify(.) by extension 'python'
[0.298s] Level 1:colcon.colcon_core.package_identification:_identify(.) by extensions ['python_setup_py']
[0.298s] Level 1:colcon.colcon_core.package_identification:_identify(.) by extension 'python_setup_py'
[0.299s] Level 1:colcon.colcon_core.package_identification:_identify(build) by extensions ['ignore', 'ignore_ament_install']
[0.299s] Level 1:colcon.colcon_core.package_identification:_identify(build) by extension 'ignore'
[0.299s] Level 1:colcon.colcon_core.package_identification:_identify(build) ignored
[0.299s] Level 1:colcon.colcon_core.package_identification:_identify(install) by extensions ['ignore', 'ignore_ament_install']
[0.299s] Level 1:colcon.colcon_core.package_identification:_identify(install) by extension 'ignore'
[0.299s] Level 1:colcon.colcon_core.package_identification:_identify(install) ignored
[0.299s] Level 1:colcon.colcon_core.package_identification:_identify(log) by extensions ['ignore', 'ignore_ament_install']
[0.299s] Level 1:colcon.colcon_core.package_identification:_identify(log) by extension 'ignore'
[0.299s] Level 1:colcon.colcon_core.package_identification:_identify(log) ignored
[0.299s] Level 1:colcon.colcon_core.package_identification:_identify(src) by extensions ['ignore', 'ignore_ament_install']
[0.299s] Level 1:colcon.colcon_core.package_identification:_identify(src) by extension 'ignore'
[0.299s] Level 1:colcon.colcon_core.package_identification:_identify(src) by extension 'ignore_ament_install'
[0.299s] Level 1:colcon.colcon_core.package_identification:_identify(src) by extensions ['colcon_pkg']
[0.299s] Level 1:colcon.colcon_core.package_identification:_identify(src) by extension 'colcon_pkg'
[0.300s] Level 1:colcon.colcon_core.package_identification:_identify(src) by extensions ['colcon_meta']
[0.300s] Level 1:colcon.colcon_core.package_identification:_identify(src) by extension 'colcon_meta'
[0.300s] Level 1:colcon.colcon_core.package_identification:_identify(src) by extensions ['ros']
[0.300s] Level 1:colcon.colcon_core.package_identification:_identify(src) by extension 'ros'
[0.300s] Level 1:colcon.colcon_core.package_identification:_identify(src) by extensions ['cmake', 'python']
[0.300s] Level 1:colcon.colcon_core.package_identification:_identify(src) by extension 'cmake'
[0.300s] Level 1:colcon.colcon_core.package_identification:_identify(src) by extension 'python'
[0.300s] Level 1:colcon.colcon_core.package_identification:_identify(src) by extensions ['python_setup_py']
[0.300s] Level 1:colcon.colcon_core.package_identification:_identify(src) by extension 'python_setup_py'
[0.300s] Level 1:colcon.colcon_core.package_identification:_identify(src/my_project_pkg) by extensions ['ignore', 'ignore_ament_install']
[0.300s] Level 1:colcon.colcon_core.package_identification:_identify(src/my_project_pkg) by extension 'ignore'
[0.300s] Level 1:colcon.colcon_core.package_identification:_identify(src/my_project_pkg) by extension 'ignore_ament_install'
[0.300s] Level 1:colcon.colcon_core.package_identification:_identify(src/my_project_pkg) by extensions ['colcon_pkg']
[0.300s] Level 1:colcon.colcon_core.package_identification:_identify(src/my_project_pkg) by extension 'colcon_pkg'
[0.300s] Level 1:colcon.colcon_core.package_identification:_identify(src/my_project_pkg) by extensions ['colcon_meta']
[0.300s] Level 1:colcon.colcon_core.package_identification:_identify(src/my_project_pkg) by extension 'colcon_meta'
[0.300s] Level 1:colcon.colcon_core.package_identification:_identify(src/my_project_pkg) by extensions ['ros']
[0.300s] Level 1:colcon.colcon_core.package_identification:_identify(src/my_project_pkg) by extension 'ros'
[0.303s] DEBUG:colcon.colcon_core.package_identification:Package 'src/my_project_pkg' with type 'ros.ament_python' and name 'my_project_pkg'
[0.303s] Level 1:colcon.colcon_core.package_discovery:discover_packages(recursive) using defaults
[0.303s] Level 1:colcon.colcon_core.package_discovery:discover_packages(ignore) discover
[0.303s] Level 1:colcon.colcon_core.package_discovery:discover_packages(ignore) using defaults
[0.303s] Level 1:colcon.colcon_core.package_discovery:discover_packages(path) discover
[0.303s] Level 1:colcon.colcon_core.package_discovery:discover_packages(path) using defaults
[0.325s] Level 1:colcon.colcon_core.package_discovery:discover_packages(prefix_path) check parameters
[0.325s] Level 1:colcon.colcon_core.package_discovery:discover_packages(prefix_path) discover
[0.328s] DEBUG:colcon.colcon_installed_package_information.package_discovery:Found 1 installed packages in /home/user/project_ws/install
[0.331s] DEBUG:colcon.colcon_installed_package_information.package_discovery:Found 413 installed packages in /opt/ros/jazzy
[0.333s] Level 1:colcon.colcon_core.package_discovery:discover_packages(prefix_path) using defaults
[0.409s] Level 5:colcon.colcon_core.verb:set package 'my_project_pkg' build argument 'cmake_args' from command line to 'None'
[0.409s] Level 5:colcon.colcon_core.verb:set package 'my_project_pkg' build argument 'cmake_target' from command line to 'None'
[0.409s] Level 5:colcon.colcon_core.verb:set package 'my_project_pkg' build argument 'cmake_target_skip_unavailable' from command line to 'False'
[0.409s] Level 5:colcon.colcon_core.verb:set package 'my_project_pkg' build argument 'cmake_clean_cache' from command line to 'False'
[0.409s] Level 5:colcon.colcon_core.verb:set package 'my_project_pkg' build argument 'cmake_clean_first' from command line to 'False'
[0.409s] Level 5:colcon.colcon_core.verb:set package 'my_project_pkg' build argument 'cmake_force_configure' from command line to 'False'
[0.409s] Level 5:colcon.colcon_core.verb:set package 'my_project_pkg' build argument 'ament_cmake_args' from command line to 'None'
[0.411s] Level 5:colcon.colcon_core.verb:set package 'my_project_pkg' build argument 'catkin_cmake_args' from command line to 'None'
[0.411s] Level 5:colcon.colcon_core.verb:set package 'my_project_pkg' build argument 'catkin_skip_building_tests' from command line to 'False'
[0.411s] DEBUG:colcon.colcon_core.verb:Building package 'my_project_pkg' with the following arguments: {'ament_cmake_args': None, 'build_base': '/home/user/project_ws/build/my_project_pkg', 'catkin_cmake_args': None, 'catkin_skip_building_tests': False, 'cmake_args': None, 'cmake_clean_cache': False, 'cmake_clean_first': False, 'cmake_force_configure': False, 'cmake_target': None, 'cmake_target_skip_unavailable': False, 'install_base': '/home/user/project_ws/install/my_project_pkg', 'merge_install': False, 'path': '/home/user/project_ws/src/my_project_pkg', 'symlink_install': True, 'test_result_base': None}
[0.411s] INFO:colcon.colcon_core.executor:Executing jobs using 'parallel' executor
[0.413s] DEBUG:colcon.colcon_parallel_executor.executor.parallel:run_until_complete
[0.413s] INFO:colcon.colcon_ros.task.ament_python.build:Building ROS package in '/home/user/project_ws/src/my_project_pkg' with build type 'ament_python'
[0.413s] Level 1:colcon.colcon_core.shell:create_environment_hook('my_project_pkg', 'ament_prefix_path')
[0.416s] INFO:colcon.colcon_core.plugin_system:Skipping extension 'colcon_core.shell.bat': Not used on non-Windows systems
[0.416s] INFO:colcon.colcon_core.shell:Creating environment hook '/home/user/project_ws/install/my_project_pkg/share/my_project_pkg/hook/ament_prefix_path.ps1'
[0.417s] INFO:colcon.colcon_core.shell:Creating environment descriptor '/home/user/project_ws/install/my_project_pkg/share/my_project_pkg/hook/ament_prefix_path.dsv'
[0.417s] INFO:colcon.colcon_core.shell:Creating environment hook '/home/user/project_ws/install/my_project_pkg/share/my_project_pkg/hook/ament_prefix_path.sh'
[0.418s] INFO:colcon.colcon_core.shell:Skip shell extension 'powershell' for command environment: Not usable outside of PowerShell
[0.418s] DEBUG:colcon.colcon_core.shell:Skip shell extension 'dsv' for command environment
[1.233s] INFO:colcon.colcon_core.task.python.build:Building Python package in '/home/user/project_ws/src/my_project_pkg'
[1.233s] INFO:colcon.colcon_core.shell:Skip shell extension 'powershell' for command environment: Not usable outside of PowerShell
[1.233s] DEBUG:colcon.colcon_core.shell:Skip shell extension 'dsv' for command environment
[3.245s] DEBUG:colcon.colcon_core.event_handler.log_command:Invoking command in '/home/user/project_ws/build/my_project_pkg': DEBUGINFOD_URLS=https://debuginfod.ubuntu.com PYTHONPATH=/home/user/project_ws/build/my_project_pkg/prefix_override:/usr/lib/python3/dist-packages/colcon_core/task/python/colcon_distutils_commands:/home/user/project_ws/install/my_project_pkg/lib/python3.12/site-packages:${PYTHONPATH} /usr/bin/python3 -W ignore:setup.py install is deprecated setup.py develop --editable --build-directory /home/user/project_ws/build/my_project_pkg/build --no-deps symlink_data
[6.146s] Level 1:colcon.colcon_core.shell:create_environment_hook('my_project_pkg', 'pythonpath_develop')
[6.147s] INFO:colcon.colcon_core.shell:Creating environment hook '/home/user/project_ws/build/my_project_pkg/share/my_project_pkg/hook/pythonpath_develop.ps1'
[6.148s] INFO:colcon.colcon_core.shell:Creating environment descriptor '/home/user/project_ws/build/my_project_pkg/share/my_project_pkg/hook/pythonpath_develop.dsv'
[6.147s] DEBUG:colcon.colcon_core.event_handler.log_command:Invoked command in '/home/user/project_ws/build/my_project_pkg' returned '0': DEBUGINFOD_URLS=https://debuginfod.ubuntu.com PYTHONPATH=/home/user/project_ws/build/my_project_pkg/prefix_override:/usr/lib/python3/dist-packages/colcon_core/task/python/colcon_distutils_commands:/home/user/project_ws/install/my_project_pkg/lib/python3.12/site-packages:${PYTHONPATH} /usr/bin/python3 -W ignore:setup.py install is deprecated setup.py develop --editable --build-directory /home/user/project_ws/build/my_project_pkg/build --no-deps symlink_data
[6.152s] INFO:colcon.colcon_core.shell:Creating environment hook '/home/user/project_ws/build/my_project_pkg/share/my_project_pkg/hook/pythonpath_develop.sh'
[6.160s] Level 1:colcon.colcon_core.environment:checking '/home/user/project_ws/install/my_project_pkg' for CMake module files
[6.162s] Level 1:colcon.colcon_core.environment:checking '/home/user/project_ws/install/my_project_pkg' for CMake config files
[6.164s] Level 1:colcon.colcon_core.environment:checking '/home/user/project_ws/install/my_project_pkg/lib'
[6.165s] Level 1:colcon.colcon_core.environment:checking '/home/user/project_ws/install/my_project_pkg/bin'
[6.165s] Level 1:colcon.colcon_core.environment:checking '/home/user/project_ws/install/my_project_pkg/lib/pkgconfig/my_project_pkg.pc'
[6.165s] Level 1:colcon.colcon_core.environment:checking '/home/user/project_ws/install/my_project_pkg/lib/python3.12/site-packages'
[6.165s] Level 1:colcon.colcon_core.shell:create_environment_hook('my_project_pkg', 'pythonpath')
[6.166s] INFO:colcon.colcon_core.shell:Creating environment hook '/home/user/project_ws/install/my_project_pkg/share/my_project_pkg/hook/pythonpath.ps1'
[6.168s] INFO:colcon.colcon_core.shell:Creating environment descriptor '/home/user/project_ws/install/my_project_pkg/share/my_project_pkg/hook/pythonpath.dsv'
[6.169s] INFO:colcon.colcon_core.shell:Creating environment hook '/home/user/project_ws/install/my_project_pkg/share/my_project_pkg/hook/pythonpath.sh'
[6.169s] Level 1:colcon.colcon_core.environment:checking '/home/user/project_ws/install/my_project_pkg/bin'
[6.169s] Level 1:colcon.colcon_core.environment:create_environment_scripts_only(my_project_pkg)
[6.177s] INFO:colcon.colcon_core.shell:Creating package script '/home/user/project_ws/install/my_project_pkg/share/my_project_pkg/package.ps1'
[6.181s] INFO:colcon.colcon_core.shell:Creating package descriptor '/home/user/project_ws/install/my_project_pkg/share/my_project_pkg/package.dsv'
[6.183s] INFO:colcon.colcon_core.shell:Creating package script '/home/user/project_ws/install/my_project_pkg/share/my_project_pkg/package.sh'
[6.185s] INFO:colcon.colcon_core.shell:Creating package script '/home/user/project_ws/install/my_project_pkg/share/my_project_pkg/package.bash'
[6.188s] INFO:colcon.colcon_core.shell:Creating package script '/home/user/project_ws/install/my_project_pkg/share/my_project_pkg/package.zsh'
[6.192s] Level 1:colcon.colcon_core.environment:create_file_with_runtime_dependencies(/home/user/project_ws/install/my_project_pkg/share/colcon-core/packages/my_project_pkg)
[6.193s] DEBUG:colcon.colcon_parallel_executor.executor.parallel:closing loop
[6.198s] DEBUG:colcon.colcon_parallel_executor.executor.parallel:loop closed
[6.198s] DEBUG:colcon.colcon_parallel_executor.executor.parallel:run_until_complete finished with '0'
[6.199s] DEBUG:colcon.colcon_core.event_reactor:joining thread
[6.228s] INFO:colcon.colcon_core.plugin_system:Skipping extension 'colcon_notification.desktop_notification.terminal_notifier': Not used on non-Darwin systems
[6.229s] INFO:colcon.colcon_core.plugin_system:Skipping extension 'colcon_notification.desktop_notification.win32': Not used on non-Windows systems
[6.229s] INFO:colcon.colcon_notification.desktop_notification:Sending desktop notification using 'notify2'
[6.268s] DEBUG:colcon.colcon_core.event_reactor:joined thread
[6.268s] INFO:colcon.colcon_core.shell:Creating prefix script '/home/user/project_ws/install/local_setup.ps1'
[6.269s] INFO:colcon.colcon_core.shell:Creating prefix util module '/home/user/project_ws/install/_local_setup_util_ps1.py'
[6.271s] INFO:colcon.colcon_core.shell:Creating prefix chain script '/home/user/project_ws/install/setup.ps1'
[6.274s] INFO:colcon.colcon_core.shell:Creating prefix script '/home/user/project_ws/install/local_setup.sh'
[6.279s] INFO:colcon.colcon_core.shell:Creating prefix util module '/home/user/project_ws/install/_local_setup_util_sh.py'
[6.296s] INFO:colcon.colcon_core.shell:Creating prefix chain script '/home/user/project_ws/install/setup.sh'
[6.301s] INFO:colcon.colcon_core.shell:Creating prefix script '/home/user/project_ws/install/local_setup.bash'
[6.302s] INFO:colcon.colcon_core.shell:Creating prefix chain script '/home/user/project_ws/install/setup.bash'
[6.306s] INFO:colcon.colcon_core.shell:Creating prefix script '/home/user/project_ws/install/local_setup.zsh'
[6.308s] INFO:colcon.colcon_core.shell:Creating prefix chain script '/home/user/project_ws/install/setup.zsh'
