[1.443s] Invoking command in '/home/user/project_ws/build/my_project_pkg': DEBUGINFOD_URLS=https://debuginfod.ubuntu.com PYTHONPATH=/home/user/project_ws/build/my_project_pkg/prefix_override:/usr/lib/python3/dist-packages/colcon_core/task/python/colcon_distutils_commands:/home/user/project_ws/install/my_project_pkg/lib/python3.12/site-packages:${PYTHONPATH} /usr/bin/python3 -W ignore:setup.py install is deprecated setup.py develop --editable --build-directory /home/user/project_ws/build/my_project_pkg/build --no-deps symlink_data
[1.896s] running develop
[2.221s] running egg_info
[2.247s] writing my_project_pkg.egg-info/PKG-INFO
[2.248s] writing dependency_links to my_project_pkg.egg-info/dependency_links.txt
[2.249s] writing entry points to my_project_pkg.egg-info/entry_points.txt
[2.250s] writing requirements to my_project_pkg.egg-info/requires.txt
[2.250s] writing top-level names to my_project_pkg.egg-info/top_level.txt
[2.299s] reading manifest file 'my_project_pkg.egg-info/SOURCES.txt'
[2.301s] writing manifest file 'my_project_pkg.egg-info/SOURCES.txt'
[2.329s] running build_ext
[2.329s] Creating /home/user/project_ws/install/my_project_pkg/lib/python3.12/site-packages/my-project-pkg.egg-link (link to .)
[2.329s] Installing my_publisher script to /home/user/project_ws/install/my_project_pkg/lib/my_project_pkg
[2.329s] Installing my_robot_controller script to /home/user/project_ws/install/my_project_pkg/lib/my_project_pkg
[2.329s] Installing my_subscriber script to /home/user/project_ws/install/my_project_pkg/lib/my_project_pkg
[2.329s] Installing say_hi script to /home/user/project_ws/install/my_project_pkg/lib/my_project_pkg
[2.329s] 
[2.329s] Installed /home/user/project_ws/build/my_project_pkg
[2.329s] running symlink_data
[2.369s] Invoked command in '/home/user/project_ws/build/my_project_pkg' returned '0': DEBUGINFOD_URLS=https://debuginfod.ubuntu.com PYTHONPATH=/home/user/project_ws/build/my_project_pkg/prefix_override:/usr/lib/python3/dist-packages/colcon_core/task/python/colcon_distutils_commands:/home/user/project_ws/install/my_project_pkg/lib/python3.12/site-packages:${PYTHONPATH} /usr/bin/python3 -W ignore:setup.py install is deprecated setup.py develop --editable --build-directory /home/user/project_ws/build/my_project_pkg/build --no-deps symlink_data
