[2.274s] Invoking command in '/home/user/project_ws/build/my_project_pkg': DEBUGINFOD_URLS=https://debuginfod.ubuntu.com PYTHONPATH=/home/user/project_ws/build/my_project_pkg/prefix_override:/usr/lib/python3/dist-packages/colcon_core/task/python/colcon_distutils_commands:/home/user/project_ws/install/my_project_pkg/lib/python3.12/site-packages:${PYTHONPATH} /usr/bin/python3 -W ignore:setup.py install is deprecated setup.py develop --editable --build-directory /home/user/project_ws/build/my_project_pkg/build --no-deps symlink_data
[2.891s] running develop
[3.178s] running egg_info
[3.209s] writing my_project_pkg.egg-info/PKG-INFO
[3.210s] writing dependency_links to my_project_pkg.egg-info/dependency_links.txt
[3.210s] writing entry points to my_project_pkg.egg-info/entry_points.txt
[3.210s] writing requirements to my_project_pkg.egg-info/requires.txt
[3.210s] writing top-level names to my_project_pkg.egg-info/top_level.txt
[3.262s] reading manifest file 'my_project_pkg.egg-info/SOURCES.txt'
[3.264s] writing manifest file 'my_project_pkg.egg-info/SOURCES.txt'
[3.290s] running build_ext
[3.291s] Creating /home/user/project_ws/install/my_project_pkg/lib/python3.12/site-packages/my-project-pkg.egg-link (link to .)
[3.293s] Installing my_publisher script to /home/user/project_ws/install/my_project_pkg/lib/my_project_pkg
[3.297s] Installing my_robot_controller script to /home/user/project_ws/install/my_project_pkg/lib/my_project_pkg
[3.297s] Installing my_subscriber script to /home/user/project_ws/install/my_project_pkg/lib/my_project_pkg
[3.297s] Installing say_hi script to /home/user/project_ws/install/my_project_pkg/lib/my_project_pkg
[3.297s] 
[3.297s] Installed /home/user/project_ws/build/my_project_pkg
[3.297s] running symlink_data
[3.342s] Invoked command in '/home/user/project_ws/build/my_project_pkg' returned '0': DEBUGINFOD_URLS=https://debuginfod.ubuntu.com PYTHONPATH=/home/user/project_ws/build/my_project_pkg/prefix_override:/usr/lib/python3/dist-packages/colcon_core/task/python/colcon_distutils_commands:/home/user/project_ws/install/my_project_pkg/lib/python3.12/site-packages:${PYTHONPATH} /usr/bin/python3 -W ignore:setup.py install is deprecated setup.py develop --editable --build-directory /home/user/project_ws/build/my_project_pkg/build --no-deps symlink_data
