[1.366s] Invoking command in '/home/user/project_ws/build/my_project_pkg': DEBUGINFOD_URLS=https://debuginfod.ubuntu.com PYTHONPATH=/home/user/project_ws/build/my_project_pkg/prefix_override:/usr/lib/python3/dist-packages/colcon_core/task/python/colcon_distutils_commands:/home/user/project_ws/install/my_project_pkg/lib/python3.12/site-packages:${PYTHONPATH} /usr/bin/python3 -W ignore:setup.py install is deprecated setup.py develop --editable --build-directory /home/user/project_ws/build/my_project_pkg/build --no-deps symlink_data
[2.098s] running develop
[2.460s] running egg_info
[2.491s] writing my_project_pkg.egg-info/PKG-INFO
[2.491s] writing dependency_links to my_project_pkg.egg-info/dependency_links.txt
[2.492s] writing entry points to my_project_pkg.egg-info/entry_points.txt
[2.493s] writing requirements to my_project_pkg.egg-info/requires.txt
[2.495s] writing top-level names to my_project_pkg.egg-info/top_level.txt
[2.549s] reading manifest file 'my_project_pkg.egg-info/SOURCES.txt'
[2.552s] writing manifest file 'my_project_pkg.egg-info/SOURCES.txt'
[2.589s] running build_ext
[2.590s] Creating /home/user/project_ws/install/my_project_pkg/lib/python3.12/site-packages/my-project-pkg.egg-link (link to .)
[2.591s] Installing my_publisher script to /home/user/project_ws/install/my_project_pkg/lib/my_project_pkg
[2.591s] Installing my_robot_controller script to /home/user/project_ws/install/my_project_pkg/lib/my_project_pkg
[2.592s] Installing my_subscriber script to /home/user/project_ws/install/my_project_pkg/lib/my_project_pkg
[2.592s] Installing say_hi script to /home/user/project_ws/install/my_project_pkg/lib/my_project_pkg
[2.596s] 
[2.596s] Installed /home/user/project_ws/build/my_project_pkg
[2.597s] running symlink_data
[2.664s] Invoked command in '/home/user/project_ws/build/my_project_pkg' returned '0': DEBUGINFOD_URLS=https://debuginfod.ubuntu.com PYTHONPATH=/home/user/project_ws/build/my_project_pkg/prefix_override:/usr/lib/python3/dist-packages/colcon_core/task/python/colcon_distutils_commands:/home/user/project_ws/install/my_project_pkg/lib/python3.12/site-packages:${PYTHONPATH} /usr/bin/python3 -W ignore:setup.py install is deprecated setup.py develop --editable --build-directory /home/user/project_ws/build/my_project_pkg/build --no-deps symlink_data
